  Polygon.cpp
c:\users\hv\downloads\documents\visual studio 2015\projects\win32project5\win32project5\polygon.h(4): error C2504: 'CShape': base class undefined
c:\users\hv\downloads\documents\visual studio 2015\projects\win32project5\win32project5\polygon.h(6): error C2143: syntax error: missing ';' before '*'
c:\users\hv\downloads\documents\visual studio 2015\projects\win32project5\win32project5\polygon.h(6): error C4430: missing type specifier - int assumed. Note: C++ does not support default-int
c:\users\hv\downloads\documents\visual studio 2015\projects\win32project5\win32project5\polygon.h(6): error C2238: unexpected token(s) preceding ';'
c:\users\hv\downloads\documents\visual studio 2015\projects\win32project5\win32project5\polygon.h(19): error C2061: syntax error: identifier 'HDC'
c:\users\hv\downloads\documents\visual studio 2015\projects\win32project5\win32project5\polygon.h(13): error C2065: 'n_point': undeclared identifier
c:\users\hv\downloads\documents\visual studio 2015\projects\win32project5\win32project5\polygon.h(13): error C2228: left of '.SetX' must have class/struct/union
c:\users\hv\downloads\documents\visual studio 2015\projects\win32project5\win32project5\polygon.h(14): error C2065: 'n_point': undeclared identifier
c:\users\hv\downloads\documents\visual studio 2015\projects\win32project5\win32project5\polygon.h(14): error C2228: left of '.SetY' must have class/struct/union
c:\users\hv\downloads\documents\visual studio 2015\projects\win32project5\win32project5\polygon.h(17): error C2065: 'n_point': undeclared identifier
c:\users\hv\downloads\documents\visual studio 2015\projects\win32project5\win32project5\polygon.h(17): error C2541: 'delete': cannot delete objects that are not pointers
c:\users\hv\downloads\documents\visual studio 2015\projects\win32project5\win32project5\polygon.h(21): error C2065: 'POINT': undeclared identifier
c:\users\hv\downloads\documents\visual studio 2015\projects\win32project5\win32project5\polygon.h(21): error C2146: syntax error: missing ';' before identifier 'vertices'
c:\users\hv\downloads\documents\visual studio 2015\projects\win32project5\win32project5\polygon.h(21): error C2065: 'vertices': undeclared identifier
c:\users\hv\downloads\documents\visual studio 2015\projects\win32project5\win32project5\polygon.h(21): error C2059: syntax error: ']'
c:\users\hv\downloads\documents\visual studio 2015\projects\win32project5\win32project5\polygon.h(21): error C2143: syntax error: missing ';' before '{'
c:\users\hv\downloads\documents\visual studio 2015\projects\win32project5\win32project5\polygon.h(21): error C2065: 'n_point': undeclared identifier
c:\users\hv\downloads\documents\visual studio 2015\projects\win32project5\win32project5\polygon.h(21): error C2228: left of '.GetX' must have class/struct/union
c:\users\hv\downloads\documents\visual studio 2015\projects\win32project5\win32project5\polygon.h(21): error C2228: left of '.GetY' must have class/struct/union
c:\users\hv\downloads\documents\visual studio 2015\projects\win32project5\win32project5\polygon.h(21): error C2143: syntax error: missing ';' before '}'
c:\users\hv\downloads\documents\visual studio 2015\projects\win32project5\win32project5\polygon.h(21): error C2059: syntax error: ','
c:\users\hv\downloads\documents\visual studio 2015\projects\win32project5\win32project5\polygon.h(22): error C2059: syntax error: '}'
c:\users\hv\downloads\documents\visual studio 2015\projects\win32project5\win32project5\polygon.h(23): error C2065: 'hdc': undeclared identifier
c:\users\hv\downloads\documents\visual studio 2015\projects\win32project5\win32project5\polygon.h(23): error C2065: 'vertices': undeclared identifier
c:\users\hv\downloads\documents\visual studio 2015\projects\win32project5\win32project5\polygon.h(23): error C4430: missing type specifier - int assumed. Note: C++ does not support default-int
c:\users\hv\downloads\documents\visual studio 2015\projects\win32project5\win32project5\polygon.h(23): error C2440: 'initializing': cannot convert from 'initializer list' to 'int'
  c:\users\hv\downloads\documents\visual studio 2015\projects\win32project5\win32project5\polygon.h(23): note: The initializer contains too many elements
c:\users\hv\downloads\documents\visual studio 2015\projects\win32project5\win32project5\polygon.h(26): error C2059: syntax error: '}'
c:\users\hv\downloads\documents\visual studio 2015\projects\win32project5\win32project5\polygon.h(26): error C2143: syntax error: missing ';' before '}'
c:\program files (x86)\microsoft visual studio 14.0\vc\include\sal.h(2361): error C2143: syntax error: missing ';' before '{'
c:\program files (x86)\microsoft visual studio 14.0\vc\include\sal.h(2361): error C2447: '{': missing function header (old-style formal list?)
c:\program files (x86)\windows kits\8.1\include\um\wingdi.h(4997): error C2365: 'Polygon': redefinition; previous definition was 'data variable'
  c:\users\hv\downloads\documents\visual studio 2015\projects\win32project5\win32project5\polygon.h(23): note: see declaration of 'Polygon'
  ShapeApp.cpp
c:\users\hv\desktop\lthdt-pj\shapeapp3\shapeapp\ellipse.h(17): warning C4244: 'argument': conversion from 'double' to 'int', possible loss of data
c:\users\hv\desktop\lthdt-pj\shapeapp3\shapeapp\rect.h(7): warning C4244: 'argument': conversion from 'double' to 'int', possible loss of data
c:\users\hv\desktop\lthdt-pj\shapeapp3\shapeapp\polygon.h(21): warning C4838: conversion from 'double' to 'LONG' requires a narrowing conversion
c:\users\hv\desktop\lthdt-pj\shapeapp3\shapeapp\polygon.h(21): warning C4244: 'initializing': conversion from 'double' to 'LONG', possible loss of data
c:\users\hv\desktop\lthdt-pj\shapeapp3\shapeapp\shapeapp.cpp(139): error C2259: 'CPolygon': cannot instantiate abstract class
  c:\users\hv\desktop\lthdt-pj\shapeapp3\shapeapp\shapeapp.cpp(139): note: due to following members:
  c:\users\hv\desktop\lthdt-pj\shapeapp3\shapeapp\shapeapp.cpp(139): note: 'void CShape::Move(double,double)': is abstract
  c:\users\hv\desktop\lthdt-pj\shapeapp3\shapeapp\shape.h(5): note: see declaration of 'CShape::Move'
  c:\users\hv\desktop\lthdt-pj\shapeapp3\shapeapp\shapeapp.cpp(139): note: 'void CShape::Scale(double)': is abstract
  c:\users\hv\desktop\lthdt-pj\shapeapp3\shapeapp\shape.h(6): note: see declaration of 'CShape::Scale'
  Generating Code...
